<?xml version="1.0" encoding="UTF-8"?>
<!-- Generated by org.testng.reporters.JUnitReportReporter -->
<testsuite hostname="DESKTOP-7Q3NSCB" failures="0" tests="1" name="Test.AddEmployeeTest" time="14.344" errors="0" timestamp="2022-05-18T12:23:27 EDT" skipped="0">
  <testcase classname="Test.AddEmployeeTest" name="addEmployee" time="14.344"/>
  <system-out/>
</testsuite> <!-- Test.AddEmployeeTest -->
